<?xml version="1.0" encoding="UTF-8"?>
<testng-results ignored="0" total="1" passed="1" failed="0" skipped="0">
  <reporter-output>
  </reporter-output>
  <suite started-at="2022-04-27T23:14:24 MSK" name="Suite1" finished-at="2022-04-27T23:14:29 MSK" duration-ms="4900">
    <groups>
    </groups>
    <test started-at="2022-04-27T23:14:24 MSK" name="Nopackage" finished-at="2022-04-27T23:14:29 MSK" duration-ms="4900">
      <class name="CourseFilter_Test">
        <test-method is-config="true" signature="setupWebDriver()[pri:0, instance:CourseFilter_Test@4a66949a]" started-at="2022-04-27T23:14:24 MSK" name="setupWebDriver" finished-at="2022-04-27T23:14:26 MSK" duration-ms="1620" status="PASS">
          <reporter-output>
          </reporter-output>
        </test-method> <!-- setupWebDriver -->
        <test-method signature="findCourse()[pri:0, instance:CourseFilter_Test@4a66949a]" started-at="2022-04-27T23:14:26 MSK" name="findCourse" finished-at="2022-04-27T23:14:28 MSK" duration-ms="2552" status="PASS">
          <reporter-output>
          </reporter-output>
        </test-method> <!-- findCourse -->
        <test-method is-config="true" signature="close()[pri:0, instance:CourseFilter_Test@4a66949a]" started-at="2022-04-27T23:14:28 MSK" name="close" finished-at="2022-04-27T23:14:29 MSK" duration-ms="711" status="PASS">
          <reporter-output>
          </reporter-output>
        </test-method> <!-- close -->
      </class> <!-- CourseFilter_Test -->
    </test> <!-- Nopackage -->
  </suite> <!-- Suite1 -->
</testng-results>
